# JRE version: OpenJDK Runtime Environment (17.0+35) (build 17+35-2724)
# Java VM: OpenJDK 64-Bit Server VM (17+35-2724, mixed mode, sharing, tiered, compressed oops, compressed class ptrs, g1 gc, windows-amd64)
GC Precious Log:
 CPUs: 8 total, 8 available
 Memory: 16030M
 Large Page Support: Disabled
 NUMA Support: Disabled
 Compressed Oops: Enabled (32-bit)
 Heap Region Size: 1M
 Heap Min Capacity: 256M
 Heap Initial Capacity: 256M
 Heap Max Capacity: 512M
 Pre-touch: Disabled
 Parallel Workers: 8
 Concurrent Workers: 2
 Concurrent Refinement Workers: 8
 Periodic GC: Disabled
Heap:
 garbage-first heap   total 467968K, used 122699K [0x00000000e0000000, 0x0000000100000000)
  region size 1024K, 13 young (13312K), 3 survivors (3072K)
 Metaspace       used 99504K, committed 101504K, reserved 327680K
  class space    used 12740K, committed 13888K, reserved 212992K
GC Heap History (20 events):
Event: 10196.685 GC heap before
{Heap before GC invocations=216 (full 0):
 garbage-first heap   total 490496K, used 177152K [0x00000000e0000000, 0x0000000100000000)
  region size 1024K, 23 young (23552K), 12 survivors (12288K)
 Metaspace       used 110310K, committed 112192K, reserved 327680K
  class space    used 14198K, committed 15104K, reserved 212992K
}
Event: 10196.698 GC heap after
{Heap after GC invocations=217 (full 0):
 garbage-first heap   total 490496K, used 142960K [0x00000000e0000000, 0x0000000100000000)
  region size 1024K, 3 young (3072K), 3 survivors (3072K)
 Metaspace       used 110310K, committed 112192K, reserved 327680K
  class space    used 14198K, committed 15104K, reserved 212992K
}
Event: 10197.166 GC heap before
{Heap before GC invocations=217 (full 0):
 garbage-first heap   total 490496K, used 275056K [0x00000000e0000000, 0x0000000100000000)
  region size 1024K, 133 young (136192K), 3 survivors (3072K)
 Metaspace       used 110315K, committed 112192K, reserved 327680K
  class space    used 14198K, committed 15104K, reserved 212992K
}
Event: 10197.171 GC heap after
{Heap after GC invocations=218 (full 0):
 garbage-first heap   total 504832K, used 146032K [0x00000000e0000000, 0x0000000100000000)
  region size 1024K, 6 young (6144K), 6 survivors (6144K)
 Metaspace       used 110315K, committed 112192K, reserved 327680K
  class space    used 14198K, committed 15104K, reserved 212992K
}
Event: 10198.192 GC heap before
{Heap before GC invocations=219 (full 0):
 garbage-first heap   total 504832K, used 376432K [0x00000000e0000000, 0x0000000100000000)
  region size 1024K, 227 young (232448K), 6 survivors (6144K)
 Metaspace       used 111515K, committed 113408K, reserved 327680K
  class space    used 14343K, committed 15296K, reserved 212992K
}
Event: 10198.199 GC heap after
{Heap after GC invocations=220 (full 0):
 garbage-first heap   total 504832K, used 149927K [0x00000000e0000000, 0x0000000100000000)
  region size 1024K, 12 young (12288K), 12 survivors (12288K)
 Metaspace       used 111515K, committed 113408K, reserved 327680K
  class space    used 14343K, committed 15296K, reserved 212992K
}
Event: 10277.752 GC heap before
{Heap before GC invocations=220 (full 0):
 garbage-first heap   total 504832K, used 161191K [0x00000000e0000000, 0x0000000100000000)
  region size 1024K, 24 young (24576K), 12 survivors (12288K)
 Metaspace       used 111520K, committed 113408K, reserved 327680K
  class space    used 14343K, committed 15296K, reserved 212992K
}
Event: 10277.767 GC heap after
{Heap after GC invocations=221 (full 0):
 garbage-first heap   total 504832K, used 128789K [0x00000000e0000000, 0x0000000100000000)
  region size 1024K, 3 young (3072K), 3 survivors (3072K)
 Metaspace       used 111520K, committed 113408K, reserved 327680K
  class space    used 14343K, committed 15296K, reserved 212992K
}
Event: 10279.304 GC heap before
{Heap before GC invocations=221 (full 0):
 garbage-first heap   total 504832K, used 305941K [0x00000000e0000000, 0x0000000100000000)
  region size 1024K, 178 young (182272K), 3 survivors (3072K)
 Metaspace       used 111540K, committed 113408K, reserved 327680K
  class space    used 14343K, committed 15296K, reserved 212992K
}
Event: 10279.312 GC heap after
{Heap after GC invocations=222 (full 0):
 garbage-first heap   total 504832K, used 133182K [0x00000000e0000000, 0x0000000100000000)
  region size 1024K, 7 young (7168K), 7 survivors (7168K)
 Metaspace       used 111540K, committed 113408K, reserved 327680K
  class space    used 14343K, committed 15296K, reserved 212992K
}
Event: 13030.210 GC heap before
{Heap before GC invocations=223 (full 0):
 garbage-first heap   total 467968K, used 387134K [0x00000000e0000000, 0x0000000100000000)
  region size 1024K, 253 young (259072K), 7 survivors (7168K)
 Metaspace       used 110464K, committed 112320K, reserved 327680K
  class space    used 14208K, committed 15168K, reserved 212992K
}
Event: 13030.237 GC heap after
{Heap after GC invocations=224 (full 0):
 garbage-first heap   total 467968K, used 128402K [0x00000000e0000000, 0x0000000100000000)
  region size 1024K, 5 young (5120K), 5 survivors (5120K)
 Metaspace       used 110464K, committed 112320K, reserved 327680K
  class space    used 14208K, committed 15168K, reserved 212992K
}
Event: 13030.418 GC heap before
{Heap before GC invocations=224 (full 0):
 garbage-first heap   total 467968K, used 144786K [0x00000000e0000000, 0x0000000100000000)
  region size 1024K, 22 young (22528K), 5 survivors (5120K)
 Metaspace       used 110464K, committed 112320K, reserved 327680K
  class space    used 14208K, committed 15168K, reserved 212992K
}
Event: 13030.449 GC heap after
{Heap after GC invocations=225 (full 0):
 garbage-first heap   total 467968K, used 125306K [0x00000000e0000000, 0x0000000100000000)
  region size 1024K, 3 young (3072K), 3 survivors (3072K)
 Metaspace       used 110464K, committed 112320K, reserved 327680K
  class space    used 14208K, committed 15168K, reserved 212992K
}
Event: 13044.421 GC heap before
{Heap before GC invocations=225 (full 0):
 garbage-first heap   total 467968K, used 364922K [0x00000000e0000000, 0x0000000100000000)
  region size 1024K, 238 young (243712K), 3 survivors (3072K)
 Metaspace       used 110480K, committed 112384K, reserved 327680K
  class space    used 14208K, committed 15168K, reserved 212992K
}
Event: 13044.435 GC heap after
{Heap after GC invocations=226 (full 0):
 garbage-first heap   total 467968K, used 140431K [0x00000000e0000000, 0x0000000100000000)
  region size 1024K, 17 young (17408K), 17 survivors (17408K)
 Metaspace       used 110480K, committed 112384K, reserved 327680K
  class space    used 14208K, committed 15168K, reserved 212992K
}
Event: 13090.917 GC heap before
{Heap before GC invocations=227 (full 0):
 garbage-first heap   total 467968K, used 370831K [0x00000000e0000000, 0x0000000100000000)
  region size 1024K, 241 young (246784K), 17 survivors (17408K)
 Metaspace       used 98709K, committed 100864K, reserved 327680K
  class space    used 12607K, committed 13888K, reserved 212992K
}
Event: 13090.922 GC heap after
{Heap after GC invocations=228 (full 0):
 garbage-first heap   total 467968K, used 133587K [0x00000000e0000000, 0x0000000100000000)
  region size 1024K, 9 young (9216K), 9 survivors (9216K)
 Metaspace       used 98709K, committed 100864K, reserved 327680K
  class space    used 12607K, committed 13888K, reserved 212992K
}
Event: 13258.931 GC heap before
{Heap before GC invocations=228 (full 0):
 garbage-first heap   total 467968K, used 145875K [0x00000000e0000000, 0x0000000100000000)
  region size 1024K, 22 young (22528K), 9 survivors (9216K)
 Metaspace       used 99028K, committed 101120K, reserved 327680K
  class space    used 12658K, committed 13888K, reserved 212992K
}
Event: 13258.959 GC heap after
{Heap after GC invocations=229 (full 0):
 garbage-first heap   total 467968K, used 113483K [0x00000000e0000000, 0x0000000100000000)
  region size 1024K, 3 young (3072K), 3 survivors (3072K)
 Metaspace       used 99028K, committed 101120K, reserved 327680K
  class space    used 12658K, committed 13888K, reserved 212992K
}

